-------------------------------------------------------------------------------
Test set: com.mycompany.taller10_junit5.OperationsTest
-------------------------------------------------------------------------------
Tests run: 9, Failures: 3, Errors: 1, Skipped: 0, Time elapsed: 0.120 s <<< FAILURE! -- in com.mycompany.taller10_junit5.OperationsTest
com.mycompany.taller10_junit5.OperationsTest.testSolveMultiplication -- Time elapsed: 0.039 s <<< FAILURE!
org.opentest4j.AssertionFailedError: La multiplicación de 3*4 debería ser 12. ==> expected: <3*4=12> but was: <3*4=0>
	at org.junit.jupiter.api.AssertionFailureBuilder.build(AssertionFailureBuilder.java:151)
	at org.junit.jupiter.api.AssertionFailureBuilder.buildAndThrow(AssertionFailureBuilder.java:132)
	at org.junit.jupiter.api.AssertEquals.failNotEqual(AssertEquals.java:197)
	at org.junit.jupiter.api.AssertEquals.assertEquals(AssertEquals.java:182)
	at org.junit.jupiter.api.Assertions.assertEquals(Assertions.java:1156)
	at com.mycompany.taller10_junit5.OperationsTest.testSolveMultiplication(OperationsTest.java:107)
	at java.base/java.lang.reflect.Method.invoke(Method.java:580)
	at java.base/java.util.ArrayList.forEach(ArrayList.java:1596)
	at java.base/java.util.ArrayList.forEach(ArrayList.java:1596)

com.mycompany.taller10_junit5.OperationsTest.testSolveAdition -- Time elapsed: 0.002 s <<< FAILURE!
org.opentest4j.AssertionFailedError: expected: <2+13=15> but was: <2+13=13>
	at org.junit.jupiter.api.AssertionFailureBuilder.build(AssertionFailureBuilder.java:151)
	at org.junit.jupiter.api.AssertionFailureBuilder.buildAndThrow(AssertionFailureBuilder.java:132)
	at org.junit.jupiter.api.AssertEquals.failNotEqual(AssertEquals.java:197)
	at org.junit.jupiter.api.AssertEquals.assertEquals(AssertEquals.java:182)
	at org.junit.jupiter.api.AssertEquals.assertEquals(AssertEquals.java:177)
	at org.junit.jupiter.api.Assertions.assertEquals(Assertions.java:1145)
	at com.mycompany.taller10_junit5.OperationsTest.testSolveAdition(OperationsTest.java:83)
	at java.base/java.lang.reflect.Method.invoke(Method.java:580)
	at java.base/java.util.ArrayList.forEach(ArrayList.java:1596)
	at java.base/java.util.ArrayList.forEach(ArrayList.java:1596)

com.mycompany.taller10_junit5.OperationsTest.testSolveNull -- Time elapsed: 0.008 s <<< ERROR!
java.lang.NullPointerException: Cannot invoke "String.length()" because "formula" is null
	at com.mycompany.taller10_junit5.Operations.Solve(Operations.java:36)
	at com.mycompany.taller10_junit5.OperationsTest.testSolveNull(OperationsTest.java:128)
	at java.base/java.lang.reflect.Method.invoke(Method.java:580)
	at java.base/java.util.ArrayList.forEach(ArrayList.java:1596)
	at java.base/java.util.ArrayList.forEach(ArrayList.java:1596)

com.mycompany.taller10_junit5.OperationsTest.testSolveDivision -- Time elapsed: 0.001 s <<< FAILURE!
org.opentest4j.AssertionFailedError: expected: <5-3=2> but was: <5-3=-3>
	at org.junit.jupiter.api.AssertionFailureBuilder.build(AssertionFailureBuilder.java:151)
	at org.junit.jupiter.api.AssertionFailureBuilder.buildAndThrow(AssertionFailureBuilder.java:132)
	at org.junit.jupiter.api.AssertEquals.failNotEqual(AssertEquals.java:197)
	at org.junit.jupiter.api.AssertEquals.assertEquals(AssertEquals.java:182)
	at org.junit.jupiter.api.AssertEquals.assertEquals(AssertEquals.java:177)
	at org.junit.jupiter.api.Assertions.assertEquals(Assertions.java:1145)
	at com.mycompany.taller10_junit5.OperationsTest.testSolveDivision(OperationsTest.java:94)
	at java.base/java.lang.reflect.Method.invoke(Method.java:580)
	at java.base/java.util.ArrayList.forEach(ArrayList.java:1596)
	at java.base/java.util.ArrayList.forEach(ArrayList.java:1596)

