<?xml version="1.0" encoding="UTF-8"?>
<testsuite xmlns:xsi="http://www.w3.org/2001/XMLSchema-instance" xsi:noNamespaceSchemaLocation="https://maven.apache.org/surefire/maven-surefire-plugin/xsd/surefire-test-report-3.0.xsd" version="3.0" name="com.mycompany.taller10_junit5.OperationsTest" time="0.12" tests="9" errors="1" skipped="0" failures="3">
  <properties>
[...]
</properties>
  <testcase name="testSolveMultiplication" classname="com.mycompany.taller10_junit5.OperationsTest" time="0.039">
    <failure message="La multiplicación de 3*4 debería ser 12. ==&gt; expected: &lt;3*4=12&gt; but was: &lt;3*4=0&gt;" type="org.opentest4j.AssertionFailedError"><![CDATA[org.opentest4j.AssertionFailedError: La multiplicación de 3*4 debería ser 12. ==> expected: <3*4=12> but was: <3*4=0>
	at org.junit.jupiter.api.AssertionFailureBuilder.build(AssertionFailureBuilder.java:151)
	at org.junit.jupiter.api.AssertionFailureBuilder.buildAndThrow(AssertionFailureBuilder.java:132)
	at org.junit.jupiter.api.AssertEquals.failNotEqual(AssertEquals.java:197)
	at org.junit.jupiter.api.AssertEquals.assertEquals(AssertEquals.java:182)
	at org.junit.jupiter.api.Assertions.assertEquals(Assertions.java:1156)
	at com.mycompany.taller10_junit5.OperationsTest.testSolveMultiplication(OperationsTest.java:107)
	at java.base/java.lang.reflect.Method.invoke(Method.java:580)
	at java.base/java.util.ArrayList.forEach(ArrayList.java:1596)
	at java.base/java.util.ArrayList.forEach(ArrayList.java:1596)
]]></failure>
  </testcase>
  <testcase name="testMakeFormula_comienzaSinNumero" classname="com.mycompany.taller10_junit5.OperationsTest" time="0.004">
    <system-out><![CDATA[git modify
]]></system-out>
  </testcase>
  <testcase name="testSolveAdition" classname="com.mycompany.taller10_junit5.OperationsTest" time="0.002">
    <failure message="expected: &lt;2+13=15&gt; but was: &lt;2+13=13&gt;" type="org.opentest4j.AssertionFailedError"><![CDATA[org.opentest4j.AssertionFailedError: expected: <2+13=15> but was: <2+13=13>
	at org.junit.jupiter.api.AssertionFailureBuilder.build(AssertionFailureBuilder.java:151)
	at org.junit.jupiter.api.AssertionFailureBuilder.buildAndThrow(AssertionFailureBuilder.java:132)
	at org.junit.jupiter.api.AssertEquals.failNotEqual(AssertEquals.java:197)
	at org.junit.jupiter.api.AssertEquals.assertEquals(AssertEquals.java:182)
	at org.junit.jupiter.api.AssertEquals.assertEquals(AssertEquals.java:177)
	at org.junit.jupiter.api.Assertions.assertEquals(Assertions.java:1145)
	at com.mycompany.taller10_junit5.OperationsTest.testSolveAdition(OperationsTest.java:83)
	at java.base/java.lang.reflect.Method.invoke(Method.java:580)
	at java.base/java.util.ArrayList.forEach(ArrayList.java:1596)
	at java.base/java.util.ArrayList.forEach(ArrayList.java:1596)
]]></failure>
    <system-out><![CDATA[Solve
]]></system-out>
  </testcase>
  <testcase name="testMakeFormula_ContieneOperator" classname="com.mycompany.taller10_junit5.OperationsTest" time="0.0">
    <system-out><![CDATA[git modify
]]></system-out>
  </testcase>
  <testcase name="testSolveDivisionByZero" classname="com.mycompany.taller10_junit5.OperationsTest" time="0.015">
    <system-out><![CDATA[Solve
]]></system-out>
  </testcase>
  <testcase name="testSolveNull" classname="com.mycompany.taller10_junit5.OperationsTest" time="0.008">
    <error message="Cannot invoke &quot;String.length()&quot; because &quot;formula&quot; is null" type="java.lang.NullPointerException"><![CDATA[java.lang.NullPointerException: Cannot invoke "String.length()" because "formula" is null
	at com.mycompany.taller10_junit5.Operations.Solve(Operations.java:36)
	at com.mycompany.taller10_junit5.OperationsTest.testSolveNull(OperationsTest.java:128)
	at java.base/java.lang.reflect.Method.invoke(Method.java:580)
	at java.base/java.util.ArrayList.forEach(ArrayList.java:1596)
	at java.base/java.util.ArrayList.forEach(ArrayList.java:1596)
]]></error>
  </testcase>
  <testcase name="testSolveDivision" classname="com.mycompany.taller10_junit5.OperationsTest" time="0.001">
    <failure message="expected: &lt;5-3=2&gt; but was: &lt;5-3=-3&gt;" type="org.opentest4j.AssertionFailedError"><![CDATA[org.opentest4j.AssertionFailedError: expected: <5-3=2> but was: <5-3=-3>
	at org.junit.jupiter.api.AssertionFailureBuilder.build(AssertionFailureBuilder.java:151)
	at org.junit.jupiter.api.AssertionFailureBuilder.buildAndThrow(AssertionFailureBuilder.java:132)
	at org.junit.jupiter.api.AssertEquals.failNotEqual(AssertEquals.java:197)
	at org.junit.jupiter.api.AssertEquals.assertEquals(AssertEquals.java:182)
	at org.junit.jupiter.api.AssertEquals.assertEquals(AssertEquals.java:177)
	at org.junit.jupiter.api.Assertions.assertEquals(Assertions.java:1145)
	at com.mycompany.taller10_junit5.OperationsTest.testSolveDivision(OperationsTest.java:94)
	at java.base/java.lang.reflect.Method.invoke(Method.java:580)
	at java.base/java.util.ArrayList.forEach(ArrayList.java:1596)
	at java.base/java.util.ArrayList.forEach(ArrayList.java:1596)
]]></failure>
    <system-out><![CDATA[Solve
]]></system-out>
  </testcase>
  <testcase name="testMakeFormula_NotEmpty" classname="com.mycompany.taller10_junit5.OperationsTest" time="0.002">
    <system-out><![CDATA[git modify
]]></system-out>
  </testcase>
  <testcase name="testMakeFormula_NoNull" classname="com.mycompany.taller10_junit5.OperationsTest" time="0.002">
    <system-out><![CDATA[git modify
]]></system-out>
  </testcase>
</testsuite>